Arguments: 
  /usr/local/Cellar/node/9.5.0/bin/node /Users/mathiasmaciossek/.yarn/bin/yarn.js start

PATH: 
  /Users/mathiasmaciossek/Development/03_SDKs/google-cloud-sdk/bin:/Users/mathiasmaciossek/.yarn/bin:/Users/mathiasmaciossek/Library/Android/sdk/tools:/Users/mathiasmaciossek/Library/Android/sdk/platform-tools:/usr/local/bin:/usr/bin:/bin:/usr/sbin:/sbin:/usr/local/MacGPG2/bin:/opt/X11/bin:/Library/Frameworks/Mono.framework/Versions/Current/Commands

Yarn version: 
  1.5.1

Node version: 
  9.5.0

Platform: 
  darwin x64

npm manifest: 
  {
    "name": "reveal.js",
    "version": "3.5.0",
    "description": "The HTML Presentation Framework",
    "homepage": "http://lab.hakim.se/reveal-js",
    "subdomain": "revealjs",
    "main": "js/reveal.js",
    "scripts": {
      "test": "grunt test",
      "start": "grunt serve",
      "build": "grunt"
    },
    "author": {
      "name": "Hakim El Hattab",
      "email": "hakim.elhattab@gmail.com",
      "web": "http://hakim.se"
    },
    "repository": {
      "type": "git",
      "url": "git://github.com/hakimel/reveal.js.git"
    },
    "engines": {
      "node": ">=4.0.0"
    },
    "devDependencies": {
      "express": "~4.14.0",
      "grunt": "~1.0.1",
      "grunt-autoprefixer": "~3.0.3",
      "grunt-cli": "~1.2.0",
      "grunt-contrib-connect": "~0.11.2",
      "grunt-contrib-cssmin": "~0.14.0",
      "grunt-contrib-jshint": "~0.11.3",
      "grunt-contrib-qunit": "~1.2.0",
      "grunt-contrib-uglify": "~0.9.2",
      "grunt-contrib-watch": "~1.0.0",
      "grunt-sass": "~1.2.0",
      "grunt-retire": "~0.3.10",
      "grunt-zip": "~0.17.1",
      "mustache": "~2.2.1",
      "node-sass": "~3.13.0",
      "socket.io": "^1.4.8"
    },
    "license": "MIT",
    "dependencies": {
      "node-static": "^0.7.9"
    }
  }

yarn manifest: 
  No manifest

Lockfile: 
  No lockfile

Trace: 
  Error: Command failed.
  Exit code: 1
  Command: sh
  Arguments: -c grunt serve
  Directory: /Users/mathiasmaciossek/Development/02_clients/03_hft/02-html/hft-vl-html
  Output:
  
      at ProcessTermError.MessageError (/Users/mathiasmaciossek/.yarn/lib/cli.js:186:110)
      at new ProcessTermError (/Users/mathiasmaciossek/.yarn/lib/cli.js:226:113)
      at ChildProcess.<anonymous> (/Users/mathiasmaciossek/.yarn/lib/cli.js:30281:17)
      at ChildProcess.emit (events.js:160:13)
      at maybeClose (internal/child_process.js:943:16)
      at Process.ChildProcess._handle.onexit (internal/child_process.js:220:5)
